<?xml version="1.0" encoding="UTF-8"?>
<!-- Generated by org.testng.reporters.JUnitReportReporter -->
<testsuite hostname="DESKTOP-POVTEU8" failures="0" tests="2" name="utilities.Browsers" time="14.162" errors="0" timestamp="2023-04-11T17:02:45 EET" skipped="0">
  <testcase classname="utilities.Browsers" name="testParameterWithXML" time="6.836"/>
  <system-out/>
  <testcase classname="utilities.Browsers" name="testParameterWithXML" time="7.326"/>
  <system-out/>
</testsuite> <!-- utilities.Browsers -->
