<?xml version="1.0" encoding="UTF-8"?>
<!-- Generated by org.testng.reporters.JUnitReportReporter -->
<testsuite hostname="DESKTOP-POVTEU8" failures="0" tests="3" name="testCases.Bahrain_TC" time="13.842" errors="0" timestamp="2023-04-12T23:54:34 EET" skipped="0">
  <testcase classname="testCases.Bahrain_TC" name="Plane_typeTC" time="7.027"/>
  <system-out/>
  <testcase classname="testCases.Bahrain_TC" name="Plane_CurrencyTC" time="0.331"/>
  <system-out/>
  <testcase classname="testCases.Bahrain_TC" name="Plane_PriceTC" time="6.484"/>
  <system-out/>
</testsuite> <!-- testCases.Bahrain_TC -->
