<?xml version="1.0" encoding="UTF-8"?>
<!-- Generated by org.testng.reporters.JUnitReportReporter -->
<testsuite hostname="DESKTOP-POVTEU8" failures="0" tests="6" name="testCases.Kuwait_TC" time="29.709" errors="0" timestamp="2023-04-12T23:54:34 EET" skipped="0">
  <testcase classname="testCases.Kuwait_TC" name="Plane_typeTC" time="10.310"/>
  <system-out/>
  <testcase classname="testCases.Kuwait_TC" name="Plane_typeTC" time="9.158"/>
  <system-out/>
  <testcase classname="testCases.Kuwait_TC" name="Plane_CurrencyTC" time="0.133"/>
  <system-out/>
  <testcase classname="testCases.Kuwait_TC" name="Plane_CurrencyTC" time="0.212"/>
  <system-out/>
  <testcase classname="testCases.Kuwait_TC" name="Plane_PriceTC" time="5.840"/>
  <system-out/>
  <testcase classname="testCases.Kuwait_TC" name="Plane_PriceTC" time="4.056"/>
  <system-out/>
</testsuite> <!-- testCases.Kuwait_TC -->
