<?xml version="1.0" encoding="UTF-8"?>
<!-- Generated by org.testng.reporters.JUnitReportReporter -->
<testsuite hostname="DESKTOP-POVTEU8" failures="0" tests="3" name="testCases.KSA_TC" time="12.869" errors="0" timestamp="2023-04-12T23:54:34 EET" skipped="0">
  <testcase classname="testCases.KSA_TC" name="Plane_typeTC" time="4.945"/>
  <system-out/>
  <testcase classname="testCases.KSA_TC" name="Plane_CurrencyTC" time="0.205"/>
  <system-out/>
  <testcase classname="testCases.KSA_TC" name="Plane_PriceTC" time="7.719"/>
  <system-out/>
</testsuite> <!-- testCases.KSA_TC -->
